0 info it worked if it ends with ok
1 verbose cli [ 'C:\\Program Files\\nodejs\\node.exe',
1 verbose cli   'C:\\Program Files\\nodejs\\node_modules\\npm\\bin\\npm-cli.js',
1 verbose cli   'install',
1 verbose cli   'pug-g' ]
2 info using npm@2.15.1
3 info using node@v4.4.3
4 verbose install initial load of C:\Users\AdmSena\Desktop\adsi-1835271\package.json
5 verbose readDependencies loading dependencies from C:\Users\AdmSena\Desktop\adsi-1835271\package.json
6 silly cache add args [ 'pug-g', null ]
7 verbose cache add spec pug-g
8 silly cache add parsed spec Result {
8 silly cache add   raw: 'pug-g',
8 silly cache add   scope: null,
8 silly cache add   name: 'pug-g',
8 silly cache add   rawSpec: '',
8 silly cache add   spec: 'latest',
8 silly cache add   type: 'tag' }
9 silly addNamed pug-g@latest
10 verbose addNamed "latest" is being treated as a dist-tag for pug-g
11 info addNameTag [ 'pug-g', 'latest' ]
12 silly mapToRegistry name pug-g
13 silly mapToRegistry using default registry
14 silly mapToRegistry registry https://registry.npmjs.org/
15 silly mapToRegistry data Result {
15 silly mapToRegistry   raw: 'pug-g',
15 silly mapToRegistry   scope: null,
15 silly mapToRegistry   name: 'pug-g',
15 silly mapToRegistry   rawSpec: '',
15 silly mapToRegistry   spec: 'latest',
15 silly mapToRegistry   type: 'tag' }
16 silly mapToRegistry uri https://registry.npmjs.org/pug-g
17 verbose addNameTag registry:https://registry.npmjs.org/pug-g not in flight; fetching
18 verbose request uri https://registry.npmjs.org/pug-g
19 verbose request no auth needed
20 info attempt registry request try #1 at 16:22:22
21 verbose request id eda4e0b92a216ff8
22 http request GET https://registry.npmjs.org/pug-g
23 http 404 https://registry.npmjs.org/pug-g
24 verbose headers { date: 'Thu, 25 Jul 2019 21:22:55 GMT',
24 verbose headers   'content-type': 'application/json',
24 verbose headers   'content-length': '21',
24 verbose headers   connection: 'keep-alive',
24 verbose headers   'set-cookie': [ '__cfduid=dfcbb93c83358b140dc7cabf720e542921564089774; expires=Fri, 24-Jul-20 21:22:54 GMT; path=/; domain=.npmjs.org; HttpOnly' ],
24 verbose headers   'cf-cache-status': 'MISS',
24 verbose headers   'cache-control': 'max-age=300',
24 verbose headers   'cf-ray': '4fc131246eddda9a-BOG',
24 verbose headers   'expect-ct': 'max-age=604800, report-uri="https://report-uri.cloudflare.com/cdn-cgi/beacon/expect-ct"',
24 verbose headers   vary: 'accept-encoding, accept',
24 verbose headers   server: 'cloudflare' }
25 silly get cb [ 404,
25 silly get   { date: 'Thu, 25 Jul 2019 21:22:55 GMT',
25 silly get     'content-type': 'application/json',
25 silly get     'content-length': '21',
25 silly get     connection: 'keep-alive',
25 silly get     'set-cookie': [ '__cfduid=dfcbb93c83358b140dc7cabf720e542921564089774; expires=Fri, 24-Jul-20 21:22:54 GMT; path=/; domain=.npmjs.org; HttpOnly' ],
25 silly get     'cf-cache-status': 'MISS',
25 silly get     'cache-control': 'max-age=300',
25 silly get     'cf-ray': '4fc131246eddda9a-BOG',
25 silly get     'expect-ct': 'max-age=604800, report-uri="https://report-uri.cloudflare.com/cdn-cgi/beacon/expect-ct"',
25 silly get     vary: 'accept-encoding, accept',
25 silly get     server: 'cloudflare' } ]
26 verbose stack Error: Not found : pug-g
26 verbose stack     at makeError (C:\Program Files\nodejs\node_modules\npm\node_modules\npm-registry-client\lib\request.js:264:12)
26 verbose stack     at CachingRegistryClient.<anonymous> (C:\Program Files\nodejs\node_modules\npm\node_modules\npm-registry-client\lib\request.js:252:14)
26 verbose stack     at Request._callback (C:\Program Files\nodejs\node_modules\npm\node_modules\npm-registry-client\lib\request.js:172:14)
26 verbose stack     at Request.self.callback (C:\Program Files\nodejs\node_modules\npm\node_modules\request\request.js:199:22)
26 verbose stack     at emitTwo (events.js:87:13)
26 verbose stack     at Request.emit (events.js:172:7)
26 verbose stack     at Request.<anonymous> (C:\Program Files\nodejs\node_modules\npm\node_modules\request\request.js:1036:10)
26 verbose stack     at emitOne (events.js:82:20)
26 verbose stack     at Request.emit (events.js:169:7)
26 verbose stack     at IncomingMessage.<anonymous> (C:\Program Files\nodejs\node_modules\npm\node_modules\request\request.js:963:12)
27 verbose statusCode 404
28 verbose pkgid pug-g
29 verbose cwd C:\Users\AdmSena\Desktop\adsi-1835271
30 error Windows_NT 10.0.10240
31 error argv "C:\\Program Files\\nodejs\\node.exe" "C:\\Program Files\\nodejs\\node_modules\\npm\\bin\\npm-cli.js" "install" "pug-g"
32 error node v4.4.3
33 error npm  v2.15.1
34 error code E404
35 error 404 Not found : pug-g
35 error 404
35 error 404 'pug-g' is not in the npm registry.
35 error 404 You should bug the author to publish it (or use the name yourself!)
35 error 404
35 error 404 Note that you can also install from a
35 error 404 tarball, folder, http url, or git url.
36 verbose exit [ 1, true ]
